running develop
Removing /home/aditiingle/intro_ws/install/intro_py_pkg/lib/python3.10/site-packages/intro-py-pkg.egg-link (link to .)
running egg_info
writing ../../build/intro_py_pkg/intro_py_pkg.egg-info/PKG-INFO
writing dependency_links to ../../build/intro_py_pkg/intro_py_pkg.egg-info/dependency_links.txt
writing entry points to ../../build/intro_py_pkg/intro_py_pkg.egg-info/entry_points.txt
writing requirements to ../../build/intro_py_pkg/intro_py_pkg.egg-info/requires.txt
writing top-level names to ../../build/intro_py_pkg/intro_py_pkg.egg-info/top_level.txt
reading manifest file '../../build/intro_py_pkg/intro_py_pkg.egg-info/SOURCES.txt'
writing manifest file '../../build/intro_py_pkg/intro_py_pkg.egg-info/SOURCES.txt'
running build
running build_py
copying intro_py_pkg/py_node.py -> /home/aditiingle/intro_ws/build/intro_py_pkg/build/lib/intro_py_pkg
running install
running install_lib
creating /home/aditiingle/intro_ws/install/intro_py_pkg/lib/python3.10/site-packages/intro_py_pkg
copying /home/aditiingle/intro_ws/build/intro_py_pkg/build/lib/intro_py_pkg/py_node.py -> /home/aditiingle/intro_ws/install/intro_py_pkg/lib/python3.10/site-packages/intro_py_pkg
copying /home/aditiingle/intro_ws/build/intro_py_pkg/build/lib/intro_py_pkg/__init__.py -> /home/aditiingle/intro_ws/install/intro_py_pkg/lib/python3.10/site-packages/intro_py_pkg
byte-compiling /home/aditiingle/intro_ws/install/intro_py_pkg/lib/python3.10/site-packages/intro_py_pkg/py_node.py to py_node.cpython-310.pyc
byte-compiling /home/aditiingle/intro_ws/install/intro_py_pkg/lib/python3.10/site-packages/intro_py_pkg/__init__.py to __init__.cpython-310.pyc
running install_data
copying resource/intro_py_pkg -> /home/aditiingle/intro_ws/install/intro_py_pkg/share/ament_index/resource_index/packages
copying package.xml -> /home/aditiingle/intro_ws/install/intro_py_pkg/share/intro_py_pkg
running install_egg_info
Copying ../../build/intro_py_pkg/intro_py_pkg.egg-info to /home/aditiingle/intro_ws/install/intro_py_pkg/lib/python3.10/site-packages/intro_py_pkg-0.0.0-py3.10.egg-info
running install_scripts
Installing py_node script to /home/aditiingle/intro_ws/install/intro_py_pkg/lib/intro_py_pkg
writing list of installed files to '/home/aditiingle/intro_ws/build/intro_py_pkg/install.log'
