[0.837s] DEBUG:colcon:Command line arguments: ['/usr/bin/colcon', 'build']
[0.837s] DEBUG:colcon:Parsed command line arguments: Namespace(log_base=None, log_level=None, verb_name='build', build_base='build', install_base='install', merge_install=False, symlink_install=False, test_result_base=None, continue_on_error=False, executor='parallel', parallel_workers=8, event_handlers=None, ignore_user_meta=False, metas=['./colcon.meta'], base_paths=['.'], packages_ignore=None, packages_ignore_regex=None, paths=None, packages_up_to=None, packages_up_to_regex=None, packages_above=None, packages_above_and_dependencies=None, packages_above_depth=None, packages_select_by_dep=None, packages_skip_by_dep=None, packages_skip_up_to=None, packages_select_build_failed=False, packages_skip_build_finished=False, packages_select_test_failures=False, packages_skip_test_passed=False, packages_select=None, packages_skip=None, packages_select_regex=None, packages_skip_regex=None, packages_start=None, packages_end=None, allow_overriding=[], cmake_args=None, cmake_target=None, cmake_target_skip_unavailable=False, cmake_clean_cache=False, cmake_clean_first=False, cmake_force_configure=False, ament_cmake_args=None, catkin_cmake_args=None, catkin_skip_building_tests=False, verb_parser=<colcon_defaults.argument_parser.defaults.DefaultArgumentsDecorator object at 0x769f65a5cb80>, verb_extension=<colcon_core.verb.build.BuildVerb object at 0x769f65cd1f60>, main=<bound method BuildVerb.main of <colcon_core.verb.build.BuildVerb object at 0x769f65cd1f60>>)
[0.874s] Level 1:colcon.colcon_core.package_discovery:discover_packages(colcon_meta) check parameters
[0.874s] Level 1:colcon.colcon_core.package_discovery:discover_packages(recursive) check parameters
[0.874s] Level 1:colcon.colcon_core.package_discovery:discover_packages(ignore) check parameters
[0.874s] Level 1:colcon.colcon_core.package_discovery:discover_packages(path) check parameters
[0.874s] Level 1:colcon.colcon_core.package_discovery:discover_packages(colcon_meta) discover
[0.874s] Level 1:colcon.colcon_core.package_discovery:discover_packages(recursive) discover
[0.875s] INFO:colcon.colcon_core.package_discovery:Crawling recursively for packages in '/home/aditiingle/intro_ws/src'
[0.875s] Level 1:colcon.colcon_core.package_identification:_identify(.) by extensions ['ignore', 'ignore_ament_install']
[0.875s] Level 1:colcon.colcon_core.package_identification:_identify(.) by extension 'ignore'
[0.875s] Level 1:colcon.colcon_core.package_identification:_identify(.) by extension 'ignore_ament_install'
[0.875s] Level 1:colcon.colcon_core.package_identification:_identify(.) by extensions ['colcon_pkg']
[0.875s] Level 1:colcon.colcon_core.package_identification:_identify(.) by extension 'colcon_pkg'
[0.875s] Level 1:colcon.colcon_core.package_identification:_identify(.) by extensions ['colcon_meta']
[0.875s] Level 1:colcon.colcon_core.package_identification:_identify(.) by extension 'colcon_meta'
[0.875s] Level 1:colcon.colcon_core.package_identification:_identify(.) by extensions ['ros']
[0.875s] Level 1:colcon.colcon_core.package_identification:_identify(.) by extension 'ros'
[0.884s] Level 1:colcon.colcon_core.package_identification:_identify(.) by extensions ['cmake', 'python']
[0.884s] Level 1:colcon.colcon_core.package_identification:_identify(.) by extension 'cmake'
[0.884s] Level 1:colcon.colcon_core.package_identification:_identify(.) by extension 'python'
[0.884s] Level 1:colcon.colcon_core.package_identification:_identify(.) by extensions ['python_setup_py']
[0.884s] Level 1:colcon.colcon_core.package_identification:_identify(.) by extension 'python_setup_py'
[0.884s] Level 1:colcon.colcon_core.package_identification:_identify(build) by extensions ['ignore', 'ignore_ament_install']
[0.884s] Level 1:colcon.colcon_core.package_identification:_identify(build) by extension 'ignore'
[0.884s] Level 1:colcon.colcon_core.package_identification:_identify(build) ignored
[0.884s] Level 1:colcon.colcon_core.package_identification:_identify(install) by extensions ['ignore', 'ignore_ament_install']
[0.884s] Level 1:colcon.colcon_core.package_identification:_identify(install) by extension 'ignore'
[0.885s] Level 1:colcon.colcon_core.package_identification:_identify(install) ignored
[0.885s] Level 1:colcon.colcon_core.package_identification:_identify(intro_cpp_pkg) by extensions ['ignore', 'ignore_ament_install']
[0.885s] Level 1:colcon.colcon_core.package_identification:_identify(intro_cpp_pkg) by extension 'ignore'
[0.885s] Level 1:colcon.colcon_core.package_identification:_identify(intro_cpp_pkg) by extension 'ignore_ament_install'
[0.885s] Level 1:colcon.colcon_core.package_identification:_identify(intro_cpp_pkg) by extensions ['colcon_pkg']
[0.885s] Level 1:colcon.colcon_core.package_identification:_identify(intro_cpp_pkg) by extension 'colcon_pkg'
[0.885s] Level 1:colcon.colcon_core.package_identification:_identify(intro_cpp_pkg) by extensions ['colcon_meta']
[0.885s] Level 1:colcon.colcon_core.package_identification:_identify(intro_cpp_pkg) by extension 'colcon_meta'
[0.885s] Level 1:colcon.colcon_core.package_identification:_identify(intro_cpp_pkg) by extensions ['ros']
[0.885s] Level 1:colcon.colcon_core.package_identification:_identify(intro_cpp_pkg) by extension 'ros'
[0.887s] DEBUG:colcon.colcon_core.package_identification:Package 'intro_cpp_pkg' with type 'ros.ament_cmake' and name 'intro_cpp_pkg'
[0.887s] Level 1:colcon.colcon_core.package_identification:_identify(intro_py_pkg) by extensions ['ignore', 'ignore_ament_install']
[0.887s] Level 1:colcon.colcon_core.package_identification:_identify(intro_py_pkg) by extension 'ignore'
[0.887s] Level 1:colcon.colcon_core.package_identification:_identify(intro_py_pkg) by extension 'ignore_ament_install'
[0.887s] Level 1:colcon.colcon_core.package_identification:_identify(intro_py_pkg) by extensions ['colcon_pkg']
[0.887s] Level 1:colcon.colcon_core.package_identification:_identify(intro_py_pkg) by extension 'colcon_pkg'
[0.887s] Level 1:colcon.colcon_core.package_identification:_identify(intro_py_pkg) by extensions ['colcon_meta']
[0.887s] Level 1:colcon.colcon_core.package_identification:_identify(intro_py_pkg) by extension 'colcon_meta'
[0.887s] Level 1:colcon.colcon_core.package_identification:_identify(intro_py_pkg) by extensions ['ros']
[0.887s] Level 1:colcon.colcon_core.package_identification:_identify(intro_py_pkg) by extension 'ros'
[0.888s] DEBUG:colcon.colcon_core.package_identification:Package 'intro_py_pkg' with type 'ros.ament_python' and name 'intro_py_pkg'
[0.888s] Level 1:colcon.colcon_core.package_identification:_identify(log) by extensions ['ignore', 'ignore_ament_install']
[0.888s] Level 1:colcon.colcon_core.package_identification:_identify(log) by extension 'ignore'
[0.888s] Level 1:colcon.colcon_core.package_identification:_identify(log) ignored
[0.888s] Level 1:colcon.colcon_core.package_discovery:discover_packages(recursive) using defaults
[0.888s] Level 1:colcon.colcon_core.package_discovery:discover_packages(ignore) discover
[0.888s] Level 1:colcon.colcon_core.package_discovery:discover_packages(ignore) using defaults
[0.888s] Level 1:colcon.colcon_core.package_discovery:discover_packages(path) discover
[0.888s] Level 1:colcon.colcon_core.package_discovery:discover_packages(path) using defaults
[0.977s] Level 1:colcon.colcon_core.package_discovery:discover_packages(prefix_path) check parameters
[0.977s] Level 1:colcon.colcon_core.package_discovery:discover_packages(prefix_path) discover
[1.001s] DEBUG:colcon.colcon_installed_package_information.package_discovery:Found 2 installed packages in /home/aditiingle/intro_ws/install
[1.013s] DEBUG:colcon.colcon_installed_package_information.package_discovery:Found 2 installed packages in /home/aditiingle/Desktop/introTask_ws/install
[1.025s] DEBUG:colcon.colcon_installed_package_information.package_discovery:Found 288 installed packages in /opt/ros/humble
[1.026s] Level 1:colcon.colcon_core.package_discovery:discover_packages(prefix_path) using defaults
[1.106s] Level 5:colcon.colcon_core.verb:set package 'intro_cpp_pkg' build argument 'cmake_args' from command line to 'None'
[1.106s] Level 5:colcon.colcon_core.verb:set package 'intro_cpp_pkg' build argument 'cmake_target' from command line to 'None'
[1.106s] Level 5:colcon.colcon_core.verb:set package 'intro_cpp_pkg' build argument 'cmake_target_skip_unavailable' from command line to 'False'
[1.106s] Level 5:colcon.colcon_core.verb:set package 'intro_cpp_pkg' build argument 'cmake_clean_cache' from command line to 'False'
[1.106s] Level 5:colcon.colcon_core.verb:set package 'intro_cpp_pkg' build argument 'cmake_clean_first' from command line to 'False'
[1.106s] Level 5:colcon.colcon_core.verb:set package 'intro_cpp_pkg' build argument 'cmake_force_configure' from command line to 'False'
[1.106s] Level 5:colcon.colcon_core.verb:set package 'intro_cpp_pkg' build argument 'ament_cmake_args' from command line to 'None'
[1.106s] Level 5:colcon.colcon_core.verb:set package 'intro_cpp_pkg' build argument 'catkin_cmake_args' from command line to 'None'
[1.106s] Level 5:colcon.colcon_core.verb:set package 'intro_cpp_pkg' build argument 'catkin_skip_building_tests' from command line to 'False'
[1.106s] DEBUG:colcon.colcon_core.verb:Building package 'intro_cpp_pkg' with the following arguments: {'ament_cmake_args': None, 'build_base': '/home/aditiingle/intro_ws/src/build/intro_cpp_pkg', 'catkin_cmake_args': None, 'catkin_skip_building_tests': False, 'cmake_args': None, 'cmake_clean_cache': False, 'cmake_clean_first': False, 'cmake_force_configure': False, 'cmake_target': None, 'cmake_target_skip_unavailable': False, 'install_base': '/home/aditiingle/intro_ws/src/install/intro_cpp_pkg', 'merge_install': False, 'path': '/home/aditiingle/intro_ws/src/intro_cpp_pkg', 'symlink_install': False, 'test_result_base': None}
[1.118s] Level 5:colcon.colcon_core.verb:set package 'intro_py_pkg' build argument 'cmake_args' from command line to 'None'
[1.118s] Level 5:colcon.colcon_core.verb:set package 'intro_py_pkg' build argument 'cmake_target' from command line to 'None'
[1.118s] Level 5:colcon.colcon_core.verb:set package 'intro_py_pkg' build argument 'cmake_target_skip_unavailable' from command line to 'False'
[1.118s] Level 5:colcon.colcon_core.verb:set package 'intro_py_pkg' build argument 'cmake_clean_cache' from command line to 'False'
[1.118s] Level 5:colcon.colcon_core.verb:set package 'intro_py_pkg' build argument 'cmake_clean_first' from command line to 'False'
[1.118s] Level 5:colcon.colcon_core.verb:set package 'intro_py_pkg' build argument 'cmake_force_configure' from command line to 'False'
[1.118s] Level 5:colcon.colcon_core.verb:set package 'intro_py_pkg' build argument 'ament_cmake_args' from command line to 'None'
[1.118s] Level 5:colcon.colcon_core.verb:set package 'intro_py_pkg' build argument 'catkin_cmake_args' from command line to 'None'
[1.118s] Level 5:colcon.colcon_core.verb:set package 'intro_py_pkg' build argument 'catkin_skip_building_tests' from command line to 'False'
[1.118s] DEBUG:colcon.colcon_core.verb:Building package 'intro_py_pkg' with the following arguments: {'ament_cmake_args': None, 'build_base': '/home/aditiingle/intro_ws/src/build/intro_py_pkg', 'catkin_cmake_args': None, 'catkin_skip_building_tests': False, 'cmake_args': None, 'cmake_clean_cache': False, 'cmake_clean_first': False, 'cmake_force_configure': False, 'cmake_target': None, 'cmake_target_skip_unavailable': False, 'install_base': '/home/aditiingle/intro_ws/src/install/intro_py_pkg', 'merge_install': False, 'path': '/home/aditiingle/intro_ws/src/intro_py_pkg', 'symlink_install': False, 'test_result_base': None}
[1.129s] INFO:colcon.colcon_core.executor:Executing jobs using 'parallel' executor
[1.141s] DEBUG:colcon.colcon_parallel_executor.executor.parallel:run_until_complete
[1.142s] INFO:colcon.colcon_ros.task.ament_cmake.build:Building ROS package in '/home/aditiingle/intro_ws/src/intro_cpp_pkg' with build type 'ament_cmake'
[1.142s] INFO:colcon.colcon_cmake.task.cmake.build:Building CMake package in '/home/aditiingle/intro_ws/src/intro_cpp_pkg'
[1.155s] INFO:colcon.colcon_core.plugin_system:Skipping extension 'colcon_core.shell.bat': Not used on non-Windows systems
[1.155s] INFO:colcon.colcon_core.shell:Skip shell extension 'powershell' for command environment: Not usable outside of PowerShell
[1.155s] DEBUG:colcon.colcon_core.shell:Skip shell extension 'dsv' for command environment
[1.206s] INFO:colcon.colcon_ros.task.ament_python.build:Building ROS package in '/home/aditiingle/intro_ws/src/intro_py_pkg' with build type 'ament_python'
[1.206s] Level 1:colcon.colcon_core.shell:create_environment_hook('intro_py_pkg', 'ament_prefix_path')
[1.218s] INFO:colcon.colcon_core.shell:Creating environment hook '/home/aditiingle/intro_ws/src/install/intro_py_pkg/share/intro_py_pkg/hook/ament_prefix_path.ps1'
[1.219s] INFO:colcon.colcon_core.shell:Creating environment descriptor '/home/aditiingle/intro_ws/src/install/intro_py_pkg/share/intro_py_pkg/hook/ament_prefix_path.dsv'
[1.219s] INFO:colcon.colcon_core.shell:Creating environment hook '/home/aditiingle/intro_ws/src/install/intro_py_pkg/share/intro_py_pkg/hook/ament_prefix_path.sh'
[1.232s] INFO:colcon.colcon_core.shell:Skip shell extension 'powershell' for command environment: Not usable outside of PowerShell
[1.232s] DEBUG:colcon.colcon_core.shell:Skip shell extension 'dsv' for command environment
[1.285s] DEBUG:colcon.colcon_core.event_handler.log_command:Invoking command in '/home/aditiingle/intro_ws/src/build/intro_cpp_pkg': CMAKE_PREFIX_PATH=${CMAKE_PREFIX_PATH}:/home/aditiingle/intro_ws/install/intro_py_pkg:/home/aditiingle/Desktop/introTask_ws/install/my_robot_controller:/opt/ros/humble /usr/bin/cmake /home/aditiingle/intro_ws/src/intro_cpp_pkg -DCMAKE_INSTALL_PREFIX=/home/aditiingle/intro_ws/src/install/intro_cpp_pkg
[1.527s] INFO:colcon.colcon_core.task.python.build:Building Python package in '/home/aditiingle/intro_ws/src/intro_py_pkg'
[1.539s] INFO:colcon.colcon_core.shell:Skip shell extension 'powershell' for command environment: Not usable outside of PowerShell
[1.539s] DEBUG:colcon.colcon_core.shell:Skip shell extension 'dsv' for command environment
[1.896s] DEBUG:colcon.colcon_core.event_handler.log_command:Invoking command in '/home/aditiingle/intro_ws/src/intro_py_pkg': PYTHONPATH=/home/aditiingle/intro_ws/src/build/intro_py_pkg/prefix_override:/home/aditiingle/intro_ws/src/install/intro_py_pkg/lib/python3.10/site-packages:${PYTHONPATH} /usr/bin/python3 setup.py egg_info --egg-base ../build/intro_py_pkg build --build-base /home/aditiingle/intro_ws/src/build/intro_py_pkg/build install --record /home/aditiingle/intro_ws/src/build/intro_py_pkg/install.log --single-version-externally-managed
[2.161s] DEBUG:colcon.colcon_core.event_handler.log_command:Invoked command in '/home/aditiingle/intro_ws/src/intro_py_pkg' returned '0': PYTHONPATH=/home/aditiingle/intro_ws/src/build/intro_py_pkg/prefix_override:/home/aditiingle/intro_ws/src/install/intro_py_pkg/lib/python3.10/site-packages:${PYTHONPATH} /usr/bin/python3 setup.py egg_info --egg-base ../build/intro_py_pkg build --build-base /home/aditiingle/intro_ws/src/build/intro_py_pkg/build install --record /home/aditiingle/intro_ws/src/build/intro_py_pkg/install.log --single-version-externally-managed
[2.175s] Level 1:colcon.colcon_core.environment:checking '/home/aditiingle/intro_ws/src/install/intro_py_pkg' for CMake module files
[2.175s] Level 1:colcon.colcon_core.environment:checking '/home/aditiingle/intro_ws/src/install/intro_py_pkg' for CMake config files
[2.176s] Level 1:colcon.colcon_core.environment:checking '/home/aditiingle/intro_ws/src/install/intro_py_pkg/lib'
[2.176s] Level 1:colcon.colcon_core.environment:checking '/home/aditiingle/intro_ws/src/install/intro_py_pkg/bin'
[2.176s] Level 1:colcon.colcon_core.environment:checking '/home/aditiingle/intro_ws/src/install/intro_py_pkg/lib/pkgconfig/intro_py_pkg.pc'
[2.176s] Level 1:colcon.colcon_core.environment:checking '/home/aditiingle/intro_ws/src/install/intro_py_pkg/lib/python3.10/site-packages'
[2.176s] Level 1:colcon.colcon_core.shell:create_environment_hook('intro_py_pkg', 'pythonpath')
[2.188s] INFO:colcon.colcon_core.shell:Creating environment hook '/home/aditiingle/intro_ws/src/install/intro_py_pkg/share/intro_py_pkg/hook/pythonpath.ps1'
[2.188s] INFO:colcon.colcon_core.shell:Creating environment descriptor '/home/aditiingle/intro_ws/src/install/intro_py_pkg/share/intro_py_pkg/hook/pythonpath.dsv'
[2.189s] INFO:colcon.colcon_core.shell:Creating environment hook '/home/aditiingle/intro_ws/src/install/intro_py_pkg/share/intro_py_pkg/hook/pythonpath.sh'
[2.189s] Level 1:colcon.colcon_core.environment:checking '/home/aditiingle/intro_ws/src/install/intro_py_pkg/bin'
[2.189s] Level 1:colcon.colcon_core.environment:create_environment_scripts_only(intro_py_pkg)
[2.201s] INFO:colcon.colcon_core.shell:Creating package script '/home/aditiingle/intro_ws/src/install/intro_py_pkg/share/intro_py_pkg/package.ps1'
[2.202s] INFO:colcon.colcon_core.shell:Creating package descriptor '/home/aditiingle/intro_ws/src/install/intro_py_pkg/share/intro_py_pkg/package.dsv'
[2.202s] INFO:colcon.colcon_core.shell:Creating package script '/home/aditiingle/intro_ws/src/install/intro_py_pkg/share/intro_py_pkg/package.sh'
[2.203s] INFO:colcon.colcon_core.shell:Creating package script '/home/aditiingle/intro_ws/src/install/intro_py_pkg/share/intro_py_pkg/package.bash'
[2.203s] INFO:colcon.colcon_core.shell:Creating package script '/home/aditiingle/intro_ws/src/install/intro_py_pkg/share/intro_py_pkg/package.zsh'
[2.204s] Level 1:colcon.colcon_core.environment:create_file_with_runtime_dependencies(/home/aditiingle/intro_ws/src/install/intro_py_pkg/share/colcon-core/packages/intro_py_pkg)
[2.323s] DEBUG:colcon.colcon_core.event_handler.log_command:Invoked command in '/home/aditiingle/intro_ws/src/build/intro_cpp_pkg' returned '0': CMAKE_PREFIX_PATH=${CMAKE_PREFIX_PATH}:/home/aditiingle/intro_ws/install/intro_py_pkg:/home/aditiingle/Desktop/introTask_ws/install/my_robot_controller:/opt/ros/humble /usr/bin/cmake /home/aditiingle/intro_ws/src/intro_cpp_pkg -DCMAKE_INSTALL_PREFIX=/home/aditiingle/intro_ws/src/install/intro_cpp_pkg
[2.324s] DEBUG:colcon.colcon_core.event_handler.log_command:Invoking command in '/home/aditiingle/intro_ws/src/build/intro_cpp_pkg': CMAKE_PREFIX_PATH=${CMAKE_PREFIX_PATH}:/home/aditiingle/intro_ws/install/intro_py_pkg:/home/aditiingle/Desktop/introTask_ws/install/my_robot_controller:/opt/ros/humble /usr/bin/cmake --build /home/aditiingle/intro_ws/src/build/intro_cpp_pkg -- -j8 -l8
[2.352s] DEBUG:colcon.colcon_core.event_handler.log_command:Invoked command in '/home/aditiingle/intro_ws/src/build/intro_cpp_pkg' returned '0': CMAKE_PREFIX_PATH=${CMAKE_PREFIX_PATH}:/home/aditiingle/intro_ws/install/intro_py_pkg:/home/aditiingle/Desktop/introTask_ws/install/my_robot_controller:/opt/ros/humble /usr/bin/cmake --build /home/aditiingle/intro_ws/src/build/intro_cpp_pkg -- -j8 -l8
[2.374s] DEBUG:colcon.colcon_core.event_handler.log_command:Invoking command in '/home/aditiingle/intro_ws/src/build/intro_cpp_pkg': CMAKE_PREFIX_PATH=${CMAKE_PREFIX_PATH}:/home/aditiingle/intro_ws/install/intro_py_pkg:/home/aditiingle/Desktop/introTask_ws/install/my_robot_controller:/opt/ros/humble /usr/bin/cmake --install /home/aditiingle/intro_ws/src/build/intro_cpp_pkg
[2.382s] Level 1:colcon.colcon_core.environment:create_environment_scripts_only(intro_cpp_pkg)
[2.382s] DEBUG:colcon.colcon_core.event_handler.log_command:Invoked command in '/home/aditiingle/intro_ws/src/build/intro_cpp_pkg' returned '0': CMAKE_PREFIX_PATH=${CMAKE_PREFIX_PATH}:/home/aditiingle/intro_ws/install/intro_py_pkg:/home/aditiingle/Desktop/introTask_ws/install/my_robot_controller:/opt/ros/humble /usr/bin/cmake --install /home/aditiingle/intro_ws/src/build/intro_cpp_pkg
[2.394s] Level 1:colcon.colcon_core.environment:checking '/home/aditiingle/intro_ws/src/install/intro_cpp_pkg' for CMake module files
[2.395s] Level 1:colcon.colcon_core.environment:checking '/home/aditiingle/intro_ws/src/install/intro_cpp_pkg' for CMake config files
[2.395s] Level 1:colcon.colcon_core.shell:create_environment_hook('intro_cpp_pkg', 'cmake_prefix_path')
[2.407s] INFO:colcon.colcon_core.shell:Creating environment hook '/home/aditiingle/intro_ws/src/install/intro_cpp_pkg/share/intro_cpp_pkg/hook/cmake_prefix_path.ps1'
[2.407s] INFO:colcon.colcon_core.shell:Creating environment descriptor '/home/aditiingle/intro_ws/src/install/intro_cpp_pkg/share/intro_cpp_pkg/hook/cmake_prefix_path.dsv'
[2.407s] INFO:colcon.colcon_core.shell:Creating environment hook '/home/aditiingle/intro_ws/src/install/intro_cpp_pkg/share/intro_cpp_pkg/hook/cmake_prefix_path.sh'
[2.408s] Level 1:colcon.colcon_core.environment:checking '/home/aditiingle/intro_ws/src/install/intro_cpp_pkg/bin'
[2.408s] Level 1:colcon.colcon_core.environment:checking '/home/aditiingle/intro_ws/src/install/intro_cpp_pkg/lib/pkgconfig/intro_cpp_pkg.pc'
[2.408s] Level 1:colcon.colcon_core.environment:checking '/home/aditiingle/intro_ws/src/install/intro_cpp_pkg/lib/python3.10/site-packages'
[2.408s] Level 1:colcon.colcon_core.environment:checking '/home/aditiingle/intro_ws/src/install/intro_cpp_pkg/bin'
[2.420s] INFO:colcon.colcon_core.shell:Creating package script '/home/aditiingle/intro_ws/src/install/intro_cpp_pkg/share/intro_cpp_pkg/package.ps1'
[2.420s] INFO:colcon.colcon_core.shell:Creating package descriptor '/home/aditiingle/intro_ws/src/install/intro_cpp_pkg/share/intro_cpp_pkg/package.dsv'
[2.420s] INFO:colcon.colcon_core.shell:Creating package script '/home/aditiingle/intro_ws/src/install/intro_cpp_pkg/share/intro_cpp_pkg/package.sh'
[2.421s] INFO:colcon.colcon_core.shell:Creating package script '/home/aditiingle/intro_ws/src/install/intro_cpp_pkg/share/intro_cpp_pkg/package.bash'
[2.421s] INFO:colcon.colcon_core.shell:Creating package script '/home/aditiingle/intro_ws/src/install/intro_cpp_pkg/share/intro_cpp_pkg/package.zsh'
[2.421s] Level 1:colcon.colcon_core.environment:create_file_with_runtime_dependencies(/home/aditiingle/intro_ws/src/install/intro_cpp_pkg/share/colcon-core/packages/intro_cpp_pkg)
[2.450s] Level 1:colcon.colcon_core.environment:create_environment_scripts_only(intro_cpp_pkg)
[2.464s] Level 1:colcon.colcon_core.environment:checking '/home/aditiingle/intro_ws/src/install/intro_cpp_pkg' for CMake module files
[2.465s] Level 1:colcon.colcon_core.environment:checking '/home/aditiingle/intro_ws/src/install/intro_cpp_pkg' for CMake config files
[2.465s] Level 1:colcon.colcon_core.shell:create_environment_hook('intro_cpp_pkg', 'cmake_prefix_path')
[2.477s] INFO:colcon.colcon_core.shell:Creating environment hook '/home/aditiingle/intro_ws/src/install/intro_cpp_pkg/share/intro_cpp_pkg/hook/cmake_prefix_path.ps1'
[2.478s] INFO:colcon.colcon_core.shell:Creating environment descriptor '/home/aditiingle/intro_ws/src/install/intro_cpp_pkg/share/intro_cpp_pkg/hook/cmake_prefix_path.dsv'
[2.478s] INFO:colcon.colcon_core.shell:Creating environment hook '/home/aditiingle/intro_ws/src/install/intro_cpp_pkg/share/intro_cpp_pkg/hook/cmake_prefix_path.sh'
[2.478s] Level 1:colcon.colcon_core.environment:checking '/home/aditiingle/intro_ws/src/install/intro_cpp_pkg/bin'
[2.478s] Level 1:colcon.colcon_core.environment:checking '/home/aditiingle/intro_ws/src/install/intro_cpp_pkg/lib/pkgconfig/intro_cpp_pkg.pc'
[2.478s] Level 1:colcon.colcon_core.environment:checking '/home/aditiingle/intro_ws/src/install/intro_cpp_pkg/lib/python3.10/site-packages'
[2.479s] Level 1:colcon.colcon_core.environment:checking '/home/aditiingle/intro_ws/src/install/intro_cpp_pkg/bin'
[2.491s] INFO:colcon.colcon_core.shell:Creating package script '/home/aditiingle/intro_ws/src/install/intro_cpp_pkg/share/intro_cpp_pkg/package.ps1'
[2.491s] INFO:colcon.colcon_core.shell:Creating package descriptor '/home/aditiingle/intro_ws/src/install/intro_cpp_pkg/share/intro_cpp_pkg/package.dsv'
[2.492s] INFO:colcon.colcon_core.shell:Creating package script '/home/aditiingle/intro_ws/src/install/intro_cpp_pkg/share/intro_cpp_pkg/package.sh'
[2.492s] INFO:colcon.colcon_core.shell:Creating package script '/home/aditiingle/intro_ws/src/install/intro_cpp_pkg/share/intro_cpp_pkg/package.bash'
[2.492s] INFO:colcon.colcon_core.shell:Creating package script '/home/aditiingle/intro_ws/src/install/intro_cpp_pkg/share/intro_cpp_pkg/package.zsh'
[2.492s] Level 1:colcon.colcon_core.environment:create_file_with_runtime_dependencies(/home/aditiingle/intro_ws/src/install/intro_cpp_pkg/share/colcon-core/packages/intro_cpp_pkg)
[2.493s] DEBUG:colcon.colcon_parallel_executor.executor.parallel:closing loop
[2.493s] DEBUG:colcon.colcon_parallel_executor.executor.parallel:loop closed
[2.493s] DEBUG:colcon.colcon_parallel_executor.executor.parallel:run_until_complete finished with '0'
[2.493s] DEBUG:colcon.colcon_core.event_reactor:joining thread
[2.509s] INFO:colcon.colcon_core.plugin_system:Skipping extension 'colcon_notification.desktop_notification.terminal_notifier': Not used on non-Darwin systems
[2.509s] INFO:colcon.colcon_core.plugin_system:Skipping extension 'colcon_notification.desktop_notification.win32': Not used on non-Windows systems
[2.509s] INFO:colcon.colcon_notification.desktop_notification:Sending desktop notification using 'notify2'
[2.518s] DEBUG:colcon.colcon_core.event_reactor:joined thread
[2.530s] INFO:colcon.colcon_core.shell:Creating prefix script '/home/aditiingle/intro_ws/src/install/local_setup.ps1'
[2.531s] INFO:colcon.colcon_core.shell:Creating prefix util module '/home/aditiingle/intro_ws/src/install/_local_setup_util_ps1.py'
[2.532s] INFO:colcon.colcon_core.shell:Creating prefix chain script '/home/aditiingle/intro_ws/src/install/setup.ps1'
[2.545s] INFO:colcon.colcon_core.shell:Creating prefix script '/home/aditiingle/intro_ws/src/install/local_setup.sh'
[2.546s] INFO:colcon.colcon_core.shell:Creating prefix util module '/home/aditiingle/intro_ws/src/install/_local_setup_util_sh.py'
[2.546s] INFO:colcon.colcon_core.shell:Creating prefix chain script '/home/aditiingle/intro_ws/src/install/setup.sh'
[2.559s] INFO:colcon.colcon_core.shell:Creating prefix script '/home/aditiingle/intro_ws/src/install/local_setup.bash'
[2.559s] INFO:colcon.colcon_core.shell:Creating prefix chain script '/home/aditiingle/intro_ws/src/install/setup.bash'
[2.572s] INFO:colcon.colcon_core.shell:Creating prefix script '/home/aditiingle/intro_ws/src/install/local_setup.zsh'
[2.573s] INFO:colcon.colcon_core.shell:Creating prefix chain script '/home/aditiingle/intro_ws/src/install/setup.zsh'
