[0.008s] Invoking command in '/home/aditiingle/intro_ws/build/intro_cpp_pkg': CMAKE_PREFIX_PATH=${CMAKE_PREFIX_PATH}:/home/aditiingle/intro_ws/install/intro_py_pkg:/home/aditiingle/Desktop/introTask_ws/install/my_robot_controller:/opt/ros/humble /usr/bin/cmake --build /home/aditiingle/intro_ws/build/intro_cpp_pkg -- -j8 -l8
[0.042s] -- Found ament_cmake: 1.3.8 (/opt/ros/humble/share/ament_cmake/cmake)
[0.154s] -- Found rclcpp: 16.0.8 (/opt/ros/humble/share/rclcpp/cmake)
[0.184s] -- Found rosidl_generator_c: 3.1.5 (/opt/ros/humble/share/rosidl_generator_c/cmake)
[0.187s] -- Found rosidl_adapter: 3.1.5 (/opt/ros/humble/share/rosidl_adapter/cmake)
[0.194s] -- Found rosidl_generator_cpp: 3.1.5 (/opt/ros/humble/share/rosidl_generator_cpp/cmake)
[0.205s] -- Using all available rosidl_typesupport_c: rosidl_typesupport_fastrtps_c;rosidl_typesupport_introspection_c
[0.221s] -- Using all available rosidl_typesupport_cpp: rosidl_typesupport_fastrtps_cpp;rosidl_typesupport_introspection_cpp
[0.278s] -- Found rmw_implementation_cmake: 6.1.1 (/opt/ros/humble/share/rmw_implementation_cmake/cmake)
[0.280s] -- Found rmw_fastrtps_cpp: 6.2.6 (/opt/ros/humble/share/rmw_fastrtps_cpp/cmake)
[0.376s] -- Using RMW implementation 'rmw_fastrtps_cpp' as default
[0.523s] -- Found example_interfaces: 0.9.3 (/opt/ros/humble/share/example_interfaces/cmake)
[0.704s] -- Configuring done
[0.712s] -- Generating done
[0.714s] -- Build files have been written to: /home/aditiingle/intro_ws/build/intro_cpp_pkg
[0.739s] [ 50%] [32mBuilding CXX object CMakeFiles/cpp_node.dir/src/cpp_node.cpp.o[0m
[4.432s] [100%] [32m[1mLinking CXX executable cpp_node[0m
[4.606s] [100%] Built target cpp_node
[4.615s] Invoked command in '/home/aditiingle/intro_ws/build/intro_cpp_pkg' returned '0': CMAKE_PREFIX_PATH=${CMAKE_PREFIX_PATH}:/home/aditiingle/intro_ws/install/intro_py_pkg:/home/aditiingle/Desktop/introTask_ws/install/my_robot_controller:/opt/ros/humble /usr/bin/cmake --build /home/aditiingle/intro_ws/build/intro_cpp_pkg -- -j8 -l8
[4.642s] Invoking command in '/home/aditiingle/intro_ws/build/intro_cpp_pkg': CMAKE_PREFIX_PATH=${CMAKE_PREFIX_PATH}:/home/aditiingle/intro_ws/install/intro_py_pkg:/home/aditiingle/Desktop/introTask_ws/install/my_robot_controller:/opt/ros/humble /usr/bin/cmake --install /home/aditiingle/intro_ws/build/intro_cpp_pkg
[4.648s] -- Install configuration: ""
[4.649s] -- Installing: /home/aditiingle/intro_ws/install/intro_cpp_pkg/lib/intro_cpp_pkg/cpp_node
[4.649s] -- Set runtime path of "/home/aditiingle/intro_ws/install/intro_cpp_pkg/lib/intro_cpp_pkg/cpp_node" to ""
[4.649s] -- Installing: /home/aditiingle/intro_ws/install/intro_cpp_pkg/share/ament_index/resource_index/package_run_dependencies/intro_cpp_pkg
[4.650s] -- Installing: /home/aditiingle/intro_ws/install/intro_cpp_pkg/share/ament_index/resource_index/parent_prefix_path/intro_cpp_pkg
[4.650s] -- Up-to-date: /home/aditiingle/intro_ws/install/intro_cpp_pkg/share/intro_cpp_pkg/environment/ament_prefix_path.sh
[4.650s] -- Installing: /home/aditiingle/intro_ws/install/intro_cpp_pkg/share/intro_cpp_pkg/environment/ament_prefix_path.dsv
[4.650s] -- Up-to-date: /home/aditiingle/intro_ws/install/intro_cpp_pkg/share/intro_cpp_pkg/environment/path.sh
[4.650s] -- Installing: /home/aditiingle/intro_ws/install/intro_cpp_pkg/share/intro_cpp_pkg/environment/path.dsv
[4.650s] -- Up-to-date: /home/aditiingle/intro_ws/install/intro_cpp_pkg/share/intro_cpp_pkg/local_setup.bash
[4.650s] -- Up-to-date: /home/aditiingle/intro_ws/install/intro_cpp_pkg/share/intro_cpp_pkg/local_setup.sh
[4.650s] -- Up-to-date: /home/aditiingle/intro_ws/install/intro_cpp_pkg/share/intro_cpp_pkg/local_setup.zsh
[4.650s] -- Installing: /home/aditiingle/intro_ws/install/intro_cpp_pkg/share/intro_cpp_pkg/local_setup.dsv
[4.650s] -- Installing: /home/aditiingle/intro_ws/install/intro_cpp_pkg/share/intro_cpp_pkg/package.dsv
[4.651s] -- Up-to-date: /home/aditiingle/intro_ws/install/intro_cpp_pkg/share/ament_index/resource_index/packages/intro_cpp_pkg
[4.651s] -- Up-to-date: /home/aditiingle/intro_ws/install/intro_cpp_pkg/share/intro_cpp_pkg/cmake/intro_cpp_pkgConfig.cmake
[4.651s] -- Up-to-date: /home/aditiingle/intro_ws/install/intro_cpp_pkg/share/intro_cpp_pkg/cmake/intro_cpp_pkgConfig-version.cmake
[4.651s] -- Installing: /home/aditiingle/intro_ws/install/intro_cpp_pkg/share/intro_cpp_pkg/package.xml
[4.653s] Invoked command in '/home/aditiingle/intro_ws/build/intro_cpp_pkg' returned '0': CMAKE_PREFIX_PATH=${CMAKE_PREFIX_PATH}:/home/aditiingle/intro_ws/install/intro_py_pkg:/home/aditiingle/Desktop/introTask_ws/install/my_robot_controller:/opt/ros/humble /usr/bin/cmake --install /home/aditiingle/intro_ws/build/intro_cpp_pkg
