running egg_info
creating ../../build/temp_reader_pkg/temp_reader_pkg.egg-info
writing ../../build/temp_reader_pkg/temp_reader_pkg.egg-info/PKG-INFO
writing dependency_links to ../../build/temp_reader_pkg/temp_reader_pkg.egg-info/dependency_links.txt
writing entry points to ../../build/temp_reader_pkg/temp_reader_pkg.egg-info/entry_points.txt
writing requirements to ../../build/temp_reader_pkg/temp_reader_pkg.egg-info/requires.txt
writing top-level names to ../../build/temp_reader_pkg/temp_reader_pkg.egg-info/top_level.txt
writing manifest file '../../build/temp_reader_pkg/temp_reader_pkg.egg-info/SOURCES.txt'
reading manifest file '../../build/temp_reader_pkg/temp_reader_pkg.egg-info/SOURCES.txt'
writing manifest file '../../build/temp_reader_pkg/temp_reader_pkg.egg-info/SOURCES.txt'
running build
running build_py
creating /home/aditiingle/sc_intro_ws/build/temp_reader_pkg/build
creating /home/aditiingle/sc_intro_ws/build/temp_reader_pkg/build/lib
creating /home/aditiingle/sc_intro_ws/build/temp_reader_pkg/build/lib/temp_reader_pkg
copying temp_reader_pkg/__init__.py -> /home/aditiingle/sc_intro_ws/build/temp_reader_pkg/build/lib/temp_reader_pkg
running install
running install_lib
creating /home/aditiingle/sc_intro_ws/install/temp_reader_pkg/lib/python3.10/site-packages/temp_reader_pkg
copying /home/aditiingle/sc_intro_ws/build/temp_reader_pkg/build/lib/temp_reader_pkg/__init__.py -> /home/aditiingle/sc_intro_ws/install/temp_reader_pkg/lib/python3.10/site-packages/temp_reader_pkg
byte-compiling /home/aditiingle/sc_intro_ws/install/temp_reader_pkg/lib/python3.10/site-packages/temp_reader_pkg/__init__.py to __init__.cpython-310.pyc
running install_data
creating /home/aditiingle/sc_intro_ws/install/temp_reader_pkg/share/ament_index
creating /home/aditiingle/sc_intro_ws/install/temp_reader_pkg/share/ament_index/resource_index
creating /home/aditiingle/sc_intro_ws/install/temp_reader_pkg/share/ament_index/resource_index/packages
copying resource/temp_reader_pkg -> /home/aditiingle/sc_intro_ws/install/temp_reader_pkg/share/ament_index/resource_index/packages
copying package.xml -> /home/aditiingle/sc_intro_ws/install/temp_reader_pkg/share/temp_reader_pkg
running install_egg_info
Copying ../../build/temp_reader_pkg/temp_reader_pkg.egg-info to /home/aditiingle/sc_intro_ws/install/temp_reader_pkg/lib/python3.10/site-packages/temp_reader_pkg-0.0.0-py3.10.egg-info
running install_scripts
writing list of installed files to '/home/aditiingle/sc_intro_ws/build/temp_reader_pkg/install.log'
