[0.831s] DEBUG:colcon:Command line arguments: ['/usr/bin/colcon', 'build', '--packages-select', 'intro_py_pkg', '--symlink-install']
[0.831s] DEBUG:colcon:Parsed command line arguments: Namespace(log_base=None, log_level=None, verb_name='build', build_base='build', install_base='install', merge_install=False, symlink_install=True, test_result_base=None, continue_on_error=False, executor='parallel', parallel_workers=8, event_handlers=None, ignore_user_meta=False, metas=['./colcon.meta'], base_paths=['.'], packages_ignore=None, packages_ignore_regex=None, paths=None, packages_up_to=None, packages_up_to_regex=None, packages_above=None, packages_above_and_dependencies=None, packages_above_depth=None, packages_select_by_dep=None, packages_skip_by_dep=None, packages_skip_up_to=None, packages_select_build_failed=False, packages_skip_build_finished=False, packages_select_test_failures=False, packages_skip_test_passed=False, packages_select=['intro_py_pkg'], packages_skip=None, packages_select_regex=None, packages_skip_regex=None, packages_start=None, packages_end=None, allow_overriding=[], cmake_args=None, cmake_target=None, cmake_target_skip_unavailable=False, cmake_clean_cache=False, cmake_clean_first=False, cmake_force_configure=False, ament_cmake_args=None, catkin_cmake_args=None, catkin_skip_building_tests=False, verb_parser=<colcon_defaults.argument_parser.defaults.DefaultArgumentsDecorator object at 0x7d766a45cbb0>, verb_extension=<colcon_core.verb.build.BuildVerb object at 0x7d766a6d0d30>, main=<bound method BuildVerb.main of <colcon_core.verb.build.BuildVerb object at 0x7d766a6d0d30>>)
[0.868s] Level 1:colcon.colcon_core.package_discovery:discover_packages(colcon_meta) check parameters
[0.868s] Level 1:colcon.colcon_core.package_discovery:discover_packages(recursive) check parameters
[0.868s] Level 1:colcon.colcon_core.package_discovery:discover_packages(ignore) check parameters
[0.868s] Level 1:colcon.colcon_core.package_discovery:discover_packages(path) check parameters
[0.868s] Level 1:colcon.colcon_core.package_discovery:discover_packages(colcon_meta) discover
[0.869s] Level 1:colcon.colcon_core.package_discovery:discover_packages(recursive) discover
[0.869s] INFO:colcon.colcon_core.package_discovery:Crawling recursively for packages in '/home/aditiingle/intro_ws'
[0.869s] Level 1:colcon.colcon_core.package_identification:_identify(.) by extensions ['ignore', 'ignore_ament_install']
[0.869s] Level 1:colcon.colcon_core.package_identification:_identify(.) by extension 'ignore'
[0.869s] Level 1:colcon.colcon_core.package_identification:_identify(.) by extension 'ignore_ament_install'
[0.869s] Level 1:colcon.colcon_core.package_identification:_identify(.) by extensions ['colcon_pkg']
[0.869s] Level 1:colcon.colcon_core.package_identification:_identify(.) by extension 'colcon_pkg'
[0.869s] Level 1:colcon.colcon_core.package_identification:_identify(.) by extensions ['colcon_meta']
[0.869s] Level 1:colcon.colcon_core.package_identification:_identify(.) by extension 'colcon_meta'
[0.869s] Level 1:colcon.colcon_core.package_identification:_identify(.) by extensions ['ros']
[0.869s] Level 1:colcon.colcon_core.package_identification:_identify(.) by extension 'ros'
[0.878s] Level 1:colcon.colcon_core.package_identification:_identify(.) by extensions ['cmake', 'python']
[0.878s] Level 1:colcon.colcon_core.package_identification:_identify(.) by extension 'cmake'
[0.878s] Level 1:colcon.colcon_core.package_identification:_identify(.) by extension 'python'
[0.878s] Level 1:colcon.colcon_core.package_identification:_identify(.) by extensions ['python_setup_py']
[0.878s] Level 1:colcon.colcon_core.package_identification:_identify(.) by extension 'python_setup_py'
[0.878s] Level 1:colcon.colcon_core.package_identification:_identify(build) by extensions ['ignore', 'ignore_ament_install']
[0.878s] Level 1:colcon.colcon_core.package_identification:_identify(build) by extension 'ignore'
[0.878s] Level 1:colcon.colcon_core.package_identification:_identify(build) ignored
[0.879s] Level 1:colcon.colcon_core.package_identification:_identify(install) by extensions ['ignore', 'ignore_ament_install']
[0.879s] Level 1:colcon.colcon_core.package_identification:_identify(install) by extension 'ignore'
[0.879s] Level 1:colcon.colcon_core.package_identification:_identify(install) ignored
[0.879s] Level 1:colcon.colcon_core.package_identification:_identify(log) by extensions ['ignore', 'ignore_ament_install']
[0.879s] Level 1:colcon.colcon_core.package_identification:_identify(log) by extension 'ignore'
[0.879s] Level 1:colcon.colcon_core.package_identification:_identify(log) ignored
[0.879s] Level 1:colcon.colcon_core.package_identification:_identify(src) by extensions ['ignore', 'ignore_ament_install']
[0.879s] Level 1:colcon.colcon_core.package_identification:_identify(src) by extension 'ignore'
[0.879s] Level 1:colcon.colcon_core.package_identification:_identify(src) by extension 'ignore_ament_install'
[0.879s] Level 1:colcon.colcon_core.package_identification:_identify(src) by extensions ['colcon_pkg']
[0.879s] Level 1:colcon.colcon_core.package_identification:_identify(src) by extension 'colcon_pkg'
[0.879s] Level 1:colcon.colcon_core.package_identification:_identify(src) by extensions ['colcon_meta']
[0.879s] Level 1:colcon.colcon_core.package_identification:_identify(src) by extension 'colcon_meta'
[0.879s] Level 1:colcon.colcon_core.package_identification:_identify(src) by extensions ['ros']
[0.879s] Level 1:colcon.colcon_core.package_identification:_identify(src) by extension 'ros'
[0.879s] Level 1:colcon.colcon_core.package_identification:_identify(src) by extensions ['cmake', 'python']
[0.879s] Level 1:colcon.colcon_core.package_identification:_identify(src) by extension 'cmake'
[0.879s] Level 1:colcon.colcon_core.package_identification:_identify(src) by extension 'python'
[0.879s] Level 1:colcon.colcon_core.package_identification:_identify(src) by extensions ['python_setup_py']
[0.879s] Level 1:colcon.colcon_core.package_identification:_identify(src) by extension 'python_setup_py'
[0.879s] Level 1:colcon.colcon_core.package_identification:_identify(src/build) by extensions ['ignore', 'ignore_ament_install']
[0.880s] Level 1:colcon.colcon_core.package_identification:_identify(src/build) by extension 'ignore'
[0.880s] Level 1:colcon.colcon_core.package_identification:_identify(src/build) ignored
[0.880s] Level 1:colcon.colcon_core.package_identification:_identify(src/install) by extensions ['ignore', 'ignore_ament_install']
[0.880s] Level 1:colcon.colcon_core.package_identification:_identify(src/install) by extension 'ignore'
[0.880s] Level 1:colcon.colcon_core.package_identification:_identify(src/install) ignored
[0.880s] Level 1:colcon.colcon_core.package_identification:_identify(src/intro_cpp_pkg) by extensions ['ignore', 'ignore_ament_install']
[0.880s] Level 1:colcon.colcon_core.package_identification:_identify(src/intro_cpp_pkg) by extension 'ignore'
[0.880s] Level 1:colcon.colcon_core.package_identification:_identify(src/intro_cpp_pkg) by extension 'ignore_ament_install'
[0.880s] Level 1:colcon.colcon_core.package_identification:_identify(src/intro_cpp_pkg) by extensions ['colcon_pkg']
[0.880s] Level 1:colcon.colcon_core.package_identification:_identify(src/intro_cpp_pkg) by extension 'colcon_pkg'
[0.880s] Level 1:colcon.colcon_core.package_identification:_identify(src/intro_cpp_pkg) by extensions ['colcon_meta']
[0.880s] Level 1:colcon.colcon_core.package_identification:_identify(src/intro_cpp_pkg) by extension 'colcon_meta'
[0.880s] Level 1:colcon.colcon_core.package_identification:_identify(src/intro_cpp_pkg) by extensions ['ros']
[0.880s] Level 1:colcon.colcon_core.package_identification:_identify(src/intro_cpp_pkg) by extension 'ros'
[0.882s] DEBUG:colcon.colcon_core.package_identification:Package 'src/intro_cpp_pkg' with type 'ros.ament_cmake' and name 'intro_cpp_pkg'
[0.882s] Level 1:colcon.colcon_core.package_identification:_identify(src/intro_py_pkg) by extensions ['ignore', 'ignore_ament_install']
[0.882s] Level 1:colcon.colcon_core.package_identification:_identify(src/intro_py_pkg) by extension 'ignore'
[0.882s] Level 1:colcon.colcon_core.package_identification:_identify(src/intro_py_pkg) by extension 'ignore_ament_install'
[0.882s] Level 1:colcon.colcon_core.package_identification:_identify(src/intro_py_pkg) by extensions ['colcon_pkg']
[0.882s] Level 1:colcon.colcon_core.package_identification:_identify(src/intro_py_pkg) by extension 'colcon_pkg'
[0.882s] Level 1:colcon.colcon_core.package_identification:_identify(src/intro_py_pkg) by extensions ['colcon_meta']
[0.882s] Level 1:colcon.colcon_core.package_identification:_identify(src/intro_py_pkg) by extension 'colcon_meta'
[0.882s] Level 1:colcon.colcon_core.package_identification:_identify(src/intro_py_pkg) by extensions ['ros']
[0.882s] Level 1:colcon.colcon_core.package_identification:_identify(src/intro_py_pkg) by extension 'ros'
[0.883s] DEBUG:colcon.colcon_core.package_identification:Package 'src/intro_py_pkg' with type 'ros.ament_python' and name 'intro_py_pkg'
[0.883s] Level 1:colcon.colcon_core.package_identification:_identify(src/log) by extensions ['ignore', 'ignore_ament_install']
[0.883s] Level 1:colcon.colcon_core.package_identification:_identify(src/log) by extension 'ignore'
[0.883s] Level 1:colcon.colcon_core.package_identification:_identify(src/log) ignored
[0.883s] Level 1:colcon.colcon_core.package_discovery:discover_packages(recursive) using defaults
[0.883s] Level 1:colcon.colcon_core.package_discovery:discover_packages(ignore) discover
[0.883s] Level 1:colcon.colcon_core.package_discovery:discover_packages(ignore) using defaults
[0.883s] Level 1:colcon.colcon_core.package_discovery:discover_packages(path) discover
[0.883s] Level 1:colcon.colcon_core.package_discovery:discover_packages(path) using defaults
[0.934s] INFO:colcon.colcon_core.package_selection:Skipping not selected package 'intro_cpp_pkg' in 'src/intro_cpp_pkg'
[0.957s] Level 1:colcon.colcon_core.package_discovery:discover_packages(prefix_path) check parameters
[0.957s] Level 1:colcon.colcon_core.package_discovery:discover_packages(prefix_path) discover
[0.981s] DEBUG:colcon.colcon_installed_package_information.package_discovery:Found 2 installed packages in /home/aditiingle/intro_ws/install
[0.992s] DEBUG:colcon.colcon_installed_package_information.package_discovery:Found 2 installed packages in /home/aditiingle/Desktop/introTask_ws/install
[1.005s] DEBUG:colcon.colcon_installed_package_information.package_discovery:Found 288 installed packages in /opt/ros/humble
[1.006s] Level 1:colcon.colcon_core.package_discovery:discover_packages(prefix_path) using defaults
[1.085s] Level 5:colcon.colcon_core.verb:set package 'intro_py_pkg' build argument 'cmake_args' from command line to 'None'
[1.085s] Level 5:colcon.colcon_core.verb:set package 'intro_py_pkg' build argument 'cmake_target' from command line to 'None'
[1.085s] Level 5:colcon.colcon_core.verb:set package 'intro_py_pkg' build argument 'cmake_target_skip_unavailable' from command line to 'False'
[1.085s] Level 5:colcon.colcon_core.verb:set package 'intro_py_pkg' build argument 'cmake_clean_cache' from command line to 'False'
[1.085s] Level 5:colcon.colcon_core.verb:set package 'intro_py_pkg' build argument 'cmake_clean_first' from command line to 'False'
[1.085s] Level 5:colcon.colcon_core.verb:set package 'intro_py_pkg' build argument 'cmake_force_configure' from command line to 'False'
[1.085s] Level 5:colcon.colcon_core.verb:set package 'intro_py_pkg' build argument 'ament_cmake_args' from command line to 'None'
[1.085s] Level 5:colcon.colcon_core.verb:set package 'intro_py_pkg' build argument 'catkin_cmake_args' from command line to 'None'
[1.085s] Level 5:colcon.colcon_core.verb:set package 'intro_py_pkg' build argument 'catkin_skip_building_tests' from command line to 'False'
[1.085s] DEBUG:colcon.colcon_core.verb:Building package 'intro_py_pkg' with the following arguments: {'ament_cmake_args': None, 'build_base': '/home/aditiingle/intro_ws/build/intro_py_pkg', 'catkin_cmake_args': None, 'catkin_skip_building_tests': False, 'cmake_args': None, 'cmake_clean_cache': False, 'cmake_clean_first': False, 'cmake_force_configure': False, 'cmake_target': None, 'cmake_target_skip_unavailable': False, 'install_base': '/home/aditiingle/intro_ws/install/intro_py_pkg', 'merge_install': False, 'path': '/home/aditiingle/intro_ws/src/intro_py_pkg', 'symlink_install': True, 'test_result_base': None}
[1.097s] INFO:colcon.colcon_core.executor:Executing jobs using 'parallel' executor
[1.109s] DEBUG:colcon.colcon_parallel_executor.executor.parallel:run_until_complete
[1.109s] INFO:colcon.colcon_ros.task.ament_python.build:Building ROS package in '/home/aditiingle/intro_ws/src/intro_py_pkg' with build type 'ament_python'
[1.109s] Level 1:colcon.colcon_core.shell:create_environment_hook('intro_py_pkg', 'ament_prefix_path')
[1.123s] INFO:colcon.colcon_core.plugin_system:Skipping extension 'colcon_core.shell.bat': Not used on non-Windows systems
[1.123s] INFO:colcon.colcon_core.shell:Creating environment hook '/home/aditiingle/intro_ws/install/intro_py_pkg/share/intro_py_pkg/hook/ament_prefix_path.ps1'
[1.123s] INFO:colcon.colcon_core.shell:Creating environment descriptor '/home/aditiingle/intro_ws/install/intro_py_pkg/share/intro_py_pkg/hook/ament_prefix_path.dsv'
[1.124s] INFO:colcon.colcon_core.shell:Creating environment hook '/home/aditiingle/intro_ws/install/intro_py_pkg/share/intro_py_pkg/hook/ament_prefix_path.sh'
[1.136s] INFO:colcon.colcon_core.shell:Skip shell extension 'powershell' for command environment: Not usable outside of PowerShell
[1.136s] DEBUG:colcon.colcon_core.shell:Skip shell extension 'dsv' for command environment
[1.404s] INFO:colcon.colcon_core.task.python.build:Building Python package in '/home/aditiingle/intro_ws/src/intro_py_pkg'
[1.417s] INFO:colcon.colcon_core.shell:Skip shell extension 'powershell' for command environment: Not usable outside of PowerShell
[1.417s] DEBUG:colcon.colcon_core.shell:Skip shell extension 'dsv' for command environment
[1.749s] DEBUG:colcon.colcon_core.event_handler.log_command:Invoking command in '/home/aditiingle/intro_ws/build/intro_py_pkg': PYTHONPATH=/home/aditiingle/intro_ws/build/intro_py_pkg/prefix_override:/home/aditiingle/intro_ws/install/intro_py_pkg/lib/python3.10/site-packages:${PYTHONPATH} /usr/bin/python3 setup.py develop --editable --build-directory /home/aditiingle/intro_ws/build/intro_py_pkg/build --no-deps install_data
[2.134s] Level 1:colcon.colcon_core.shell:create_environment_hook('intro_py_pkg', 'pythonpath_develop')
[2.134s] DEBUG:colcon.colcon_core.event_handler.log_command:Invoked command in '/home/aditiingle/intro_ws/build/intro_py_pkg' returned '0': PYTHONPATH=/home/aditiingle/intro_ws/build/intro_py_pkg/prefix_override:/home/aditiingle/intro_ws/install/intro_py_pkg/lib/python3.10/site-packages:${PYTHONPATH} /usr/bin/python3 setup.py develop --editable --build-directory /home/aditiingle/intro_ws/build/intro_py_pkg/build --no-deps install_data
[2.148s] INFO:colcon.colcon_core.shell:Creating environment hook '/home/aditiingle/intro_ws/build/intro_py_pkg/share/intro_py_pkg/hook/pythonpath_develop.ps1'
[2.148s] INFO:colcon.colcon_core.shell:Creating environment descriptor '/home/aditiingle/intro_ws/build/intro_py_pkg/share/intro_py_pkg/hook/pythonpath_develop.dsv'
[2.149s] INFO:colcon.colcon_core.shell:Creating environment hook '/home/aditiingle/intro_ws/build/intro_py_pkg/share/intro_py_pkg/hook/pythonpath_develop.sh'
[2.163s] Level 1:colcon.colcon_core.environment:checking '/home/aditiingle/intro_ws/install/intro_py_pkg' for CMake module files
[2.163s] Level 1:colcon.colcon_core.environment:checking '/home/aditiingle/intro_ws/install/intro_py_pkg' for CMake config files
[2.164s] Level 1:colcon.colcon_core.environment:checking '/home/aditiingle/intro_ws/install/intro_py_pkg/lib'
[2.164s] Level 1:colcon.colcon_core.environment:checking '/home/aditiingle/intro_ws/install/intro_py_pkg/bin'
[2.164s] Level 1:colcon.colcon_core.environment:checking '/home/aditiingle/intro_ws/install/intro_py_pkg/lib/pkgconfig/intro_py_pkg.pc'
[2.164s] Level 1:colcon.colcon_core.environment:checking '/home/aditiingle/intro_ws/install/intro_py_pkg/lib/python3.10/site-packages'
[2.164s] Level 1:colcon.colcon_core.shell:create_environment_hook('intro_py_pkg', 'pythonpath')
[2.176s] INFO:colcon.colcon_core.shell:Creating environment hook '/home/aditiingle/intro_ws/install/intro_py_pkg/share/intro_py_pkg/hook/pythonpath.ps1'
[2.177s] INFO:colcon.colcon_core.shell:Creating environment descriptor '/home/aditiingle/intro_ws/install/intro_py_pkg/share/intro_py_pkg/hook/pythonpath.dsv'
[2.177s] INFO:colcon.colcon_core.shell:Creating environment hook '/home/aditiingle/intro_ws/install/intro_py_pkg/share/intro_py_pkg/hook/pythonpath.sh'
[2.177s] Level 1:colcon.colcon_core.environment:checking '/home/aditiingle/intro_ws/install/intro_py_pkg/bin'
[2.177s] Level 1:colcon.colcon_core.environment:create_environment_scripts_only(intro_py_pkg)
[2.190s] INFO:colcon.colcon_core.shell:Creating package script '/home/aditiingle/intro_ws/install/intro_py_pkg/share/intro_py_pkg/package.ps1'
[2.190s] INFO:colcon.colcon_core.shell:Creating package descriptor '/home/aditiingle/intro_ws/install/intro_py_pkg/share/intro_py_pkg/package.dsv'
[2.191s] INFO:colcon.colcon_core.shell:Creating package script '/home/aditiingle/intro_ws/install/intro_py_pkg/share/intro_py_pkg/package.sh'
[2.191s] INFO:colcon.colcon_core.shell:Creating package script '/home/aditiingle/intro_ws/install/intro_py_pkg/share/intro_py_pkg/package.bash'
[2.192s] INFO:colcon.colcon_core.shell:Creating package script '/home/aditiingle/intro_ws/install/intro_py_pkg/share/intro_py_pkg/package.zsh'
[2.192s] Level 1:colcon.colcon_core.environment:create_file_with_runtime_dependencies(/home/aditiingle/intro_ws/install/intro_py_pkg/share/colcon-core/packages/intro_py_pkg)
[2.192s] DEBUG:colcon.colcon_parallel_executor.executor.parallel:closing loop
[2.193s] DEBUG:colcon.colcon_parallel_executor.executor.parallel:loop closed
[2.193s] DEBUG:colcon.colcon_parallel_executor.executor.parallel:run_until_complete finished with '0'
[2.193s] DEBUG:colcon.colcon_core.event_reactor:joining thread
[2.218s] INFO:colcon.colcon_core.plugin_system:Skipping extension 'colcon_notification.desktop_notification.terminal_notifier': Not used on non-Darwin systems
[2.218s] INFO:colcon.colcon_core.plugin_system:Skipping extension 'colcon_notification.desktop_notification.win32': Not used on non-Windows systems
[2.218s] INFO:colcon.colcon_notification.desktop_notification:Sending desktop notification using 'notify2'
[2.227s] DEBUG:colcon.colcon_core.event_reactor:joined thread
[2.240s] INFO:colcon.colcon_core.shell:Creating prefix script '/home/aditiingle/intro_ws/install/local_setup.ps1'
[2.241s] INFO:colcon.colcon_core.shell:Creating prefix util module '/home/aditiingle/intro_ws/install/_local_setup_util_ps1.py'
[2.242s] INFO:colcon.colcon_core.shell:Creating prefix chain script '/home/aditiingle/intro_ws/install/setup.ps1'
[2.255s] INFO:colcon.colcon_core.shell:Creating prefix script '/home/aditiingle/intro_ws/install/local_setup.sh'
[2.256s] INFO:colcon.colcon_core.shell:Creating prefix util module '/home/aditiingle/intro_ws/install/_local_setup_util_sh.py'
[2.256s] INFO:colcon.colcon_core.shell:Creating prefix chain script '/home/aditiingle/intro_ws/install/setup.sh'
[2.269s] INFO:colcon.colcon_core.shell:Creating prefix script '/home/aditiingle/intro_ws/install/local_setup.bash'
[2.270s] INFO:colcon.colcon_core.shell:Creating prefix chain script '/home/aditiingle/intro_ws/install/setup.bash'
[2.283s] INFO:colcon.colcon_core.shell:Creating prefix script '/home/aditiingle/intro_ws/install/local_setup.zsh'
[2.283s] INFO:colcon.colcon_core.shell:Creating prefix chain script '/home/aditiingle/intro_ws/install/setup.zsh'
