[0.008s] Invoking command in '/home/aditiingle/sc_intro_ws/build/temp_monitor_pkg': CMAKE_PREFIX_PATH=${CMAKE_PREFIX_PATH}:/home/aditiingle/SC-Robotics-Intro-Task/intro_ws/install/intro_py_pkg:/home/aditiingle/Desktop/introTask_ws/install/my_robot_controller:/opt/ros/humble /usr/bin/cmake /home/aditiingle/sc_intro_ws/src/temp_monitor_pkg -DCMAKE_INSTALL_PREFIX=/home/aditiingle/sc_intro_ws/install/temp_monitor_pkg
[0.120s] -- The C compiler identification is GNU 11.4.0
[0.180s] -- The CXX compiler identification is GNU 11.4.0
[0.189s] -- Detecting C compiler ABI info
[0.250s] -- Detecting C compiler ABI info - done
[0.258s] -- Check for working C compiler: /usr/bin/cc - skipped
[0.258s] -- Detecting C compile features
[0.259s] -- Detecting C compile features - done
[0.262s] -- Detecting CXX compiler ABI info
[0.332s] -- Detecting CXX compiler ABI info - done
[0.339s] -- Check for working CXX compiler: /usr/bin/c++ - skipped
[0.339s] -- Detecting CXX compile features
[0.339s] -- Detecting CXX compile features - done
[0.341s] -- Found ament_cmake: 1.3.8 (/opt/ros/humble/share/ament_cmake/cmake)
[0.465s] -- Found Python3: /usr/bin/python3 (found version "3.10.12") found components: Interpreter 
[0.546s] -- Found rclcpp: 16.0.8 (/opt/ros/humble/share/rclcpp/cmake)
[0.586s] -- Found rosidl_generator_c: 3.1.5 (/opt/ros/humble/share/rosidl_generator_c/cmake)
[0.591s] -- Found rosidl_adapter: 3.1.5 (/opt/ros/humble/share/rosidl_adapter/cmake)
[0.599s] -- Found rosidl_generator_cpp: 3.1.5 (/opt/ros/humble/share/rosidl_generator_cpp/cmake)
[0.613s] -- Using all available rosidl_typesupport_c: rosidl_typesupport_fastrtps_c;rosidl_typesupport_introspection_c
[0.632s] -- Using all available rosidl_typesupport_cpp: rosidl_typesupport_fastrtps_cpp;rosidl_typesupport_introspection_cpp
[0.700s] -- Found rmw_implementation_cmake: 6.1.1 (/opt/ros/humble/share/rmw_implementation_cmake/cmake)
[0.703s] -- Found rmw_fastrtps_cpp: 6.2.6 (/opt/ros/humble/share/rmw_fastrtps_cpp/cmake)
[0.782s] -- Found OpenSSL: /usr/lib/x86_64-linux-gnu/libcrypto.so (found version "3.0.2")  
[0.801s] -- Found FastRTPS: /opt/ros/humble/include  
[0.836s] -- Using RMW implementation 'rmw_fastrtps_cpp' as default
[0.845s] -- Looking for pthread.h
[0.899s] -- Looking for pthread.h - found
[0.899s] -- Performing Test CMAKE_HAVE_LIBC_PTHREAD
[0.959s] -- Performing Test CMAKE_HAVE_LIBC_PTHREAD - Success
[0.960s] -- Found Threads: TRUE  
[1.109s] -- Found ament_lint_auto: 0.12.10 (/opt/ros/humble/share/ament_lint_auto/cmake)
[1.177s] -- Added test 'lint_cmake' to check CMake code style
[1.178s] -- Added test 'xmllint' to check XML markup files
[1.179s] -- Configuring done
[1.182s] -- Generating done
[1.183s] -- Build files have been written to: /home/aditiingle/sc_intro_ws/build/temp_monitor_pkg
[1.191s] Invoked command in '/home/aditiingle/sc_intro_ws/build/temp_monitor_pkg' returned '0': CMAKE_PREFIX_PATH=${CMAKE_PREFIX_PATH}:/home/aditiingle/SC-Robotics-Intro-Task/intro_ws/install/intro_py_pkg:/home/aditiingle/Desktop/introTask_ws/install/my_robot_controller:/opt/ros/humble /usr/bin/cmake /home/aditiingle/sc_intro_ws/src/temp_monitor_pkg -DCMAKE_INSTALL_PREFIX=/home/aditiingle/sc_intro_ws/install/temp_monitor_pkg
[1.192s] Invoking command in '/home/aditiingle/sc_intro_ws/build/temp_monitor_pkg': CMAKE_PREFIX_PATH=${CMAKE_PREFIX_PATH}:/home/aditiingle/SC-Robotics-Intro-Task/intro_ws/install/intro_py_pkg:/home/aditiingle/Desktop/introTask_ws/install/my_robot_controller:/opt/ros/humble /usr/bin/cmake --build /home/aditiingle/sc_intro_ws/build/temp_monitor_pkg -- -j8 -l8
[1.219s] Invoked command in '/home/aditiingle/sc_intro_ws/build/temp_monitor_pkg' returned '0': CMAKE_PREFIX_PATH=${CMAKE_PREFIX_PATH}:/home/aditiingle/SC-Robotics-Intro-Task/intro_ws/install/intro_py_pkg:/home/aditiingle/Desktop/introTask_ws/install/my_robot_controller:/opt/ros/humble /usr/bin/cmake --build /home/aditiingle/sc_intro_ws/build/temp_monitor_pkg -- -j8 -l8
[1.241s] Invoking command in '/home/aditiingle/sc_intro_ws/build/temp_monitor_pkg': CMAKE_PREFIX_PATH=${CMAKE_PREFIX_PATH}:/home/aditiingle/SC-Robotics-Intro-Task/intro_ws/install/intro_py_pkg:/home/aditiingle/Desktop/introTask_ws/install/my_robot_controller:/opt/ros/humble /usr/bin/cmake --install /home/aditiingle/sc_intro_ws/build/temp_monitor_pkg
[1.246s] -- Install configuration: ""
[1.246s] -- Installing: /home/aditiingle/sc_intro_ws/install/temp_monitor_pkg/share/ament_index/resource_index/package_run_dependencies/temp_monitor_pkg
[1.246s] -- Installing: /home/aditiingle/sc_intro_ws/install/temp_monitor_pkg/share/ament_index/resource_index/parent_prefix_path/temp_monitor_pkg
[1.246s] -- Installing: /home/aditiingle/sc_intro_ws/install/temp_monitor_pkg/share/temp_monitor_pkg/environment/ament_prefix_path.sh
[1.246s] -- Installing: /home/aditiingle/sc_intro_ws/install/temp_monitor_pkg/share/temp_monitor_pkg/environment/ament_prefix_path.dsv
[1.246s] -- Installing: /home/aditiingle/sc_intro_ws/install/temp_monitor_pkg/share/temp_monitor_pkg/environment/path.sh
[1.246s] -- Installing: /home/aditiingle/sc_intro_ws/install/temp_monitor_pkg/share/temp_monitor_pkg/environment/path.dsv
[1.247s] -- Installing: /home/aditiingle/sc_intro_ws/install/temp_monitor_pkg/share/temp_monitor_pkg/local_setup.bash
[1.247s] -- Installing: /home/aditiingle/sc_intro_ws/install/temp_monitor_pkg/share/temp_monitor_pkg/local_setup.sh
[1.247s] -- Installing: /home/aditiingle/sc_intro_ws/install/temp_monitor_pkg/share/temp_monitor_pkg/local_setup.zsh
[1.247s] -- Installing: /home/aditiingle/sc_intro_ws/install/temp_monitor_pkg/share/temp_monitor_pkg/local_setup.dsv
[1.247s] -- Installing: /home/aditiingle/sc_intro_ws/install/temp_monitor_pkg/share/temp_monitor_pkg/package.dsv
[1.247s] -- Installing: /home/aditiingle/sc_intro_ws/install/temp_monitor_pkg/share/ament_index/resource_index/packages/temp_monitor_pkg
[1.247s] -- Installing: /home/aditiingle/sc_intro_ws/install/temp_monitor_pkg/share/temp_monitor_pkg/cmake/temp_monitor_pkgConfig.cmake
[1.247s] -- Installing: /home/aditiingle/sc_intro_ws/install/temp_monitor_pkg/share/temp_monitor_pkg/cmake/temp_monitor_pkgConfig-version.cmake
[1.247s] -- Installing: /home/aditiingle/sc_intro_ws/install/temp_monitor_pkg/share/temp_monitor_pkg/package.xml
[1.249s] Invoked command in '/home/aditiingle/sc_intro_ws/build/temp_monitor_pkg' returned '0': CMAKE_PREFIX_PATH=${CMAKE_PREFIX_PATH}:/home/aditiingle/SC-Robotics-Intro-Task/intro_ws/install/intro_py_pkg:/home/aditiingle/Desktop/introTask_ws/install/my_robot_controller:/opt/ros/humble /usr/bin/cmake --install /home/aditiingle/sc_intro_ws/build/temp_monitor_pkg
