[0.008s] Invoking command in '/home/aditiingle/intro_ws/build/intro_cpp_pkg': CMAKE_PREFIX_PATH=${CMAKE_PREFIX_PATH}:/home/aditiingle/intro_ws/install/intro_py_pkg:/home/aditiingle/Desktop/introTask_ws/install/my_robot_controller:/opt/ros/humble /usr/bin/cmake --build /home/aditiingle/intro_ws/build/intro_cpp_pkg -- -j8 -l8
[0.038s] [35m[1mConsolidate compiler generated dependencies of target cpp_node[0m
[0.051s] [ 50%] [32mBuilding CXX object CMakeFiles/cpp_node.dir/src/cpp_node.cpp.o[0m
[7.268s] [100%] [32m[1mLinking CXX executable cpp_node[0m
[7.583s] [100%] Built target cpp_node
[7.593s] Invoked command in '/home/aditiingle/intro_ws/build/intro_cpp_pkg' returned '0': CMAKE_PREFIX_PATH=${CMAKE_PREFIX_PATH}:/home/aditiingle/intro_ws/install/intro_py_pkg:/home/aditiingle/Desktop/introTask_ws/install/my_robot_controller:/opt/ros/humble /usr/bin/cmake --build /home/aditiingle/intro_ws/build/intro_cpp_pkg -- -j8 -l8
[7.618s] Invoking command in '/home/aditiingle/intro_ws/build/intro_cpp_pkg': CMAKE_PREFIX_PATH=${CMAKE_PREFIX_PATH}:/home/aditiingle/intro_ws/install/intro_py_pkg:/home/aditiingle/Desktop/introTask_ws/install/my_robot_controller:/opt/ros/humble /usr/bin/cmake --install /home/aditiingle/intro_ws/build/intro_cpp_pkg
[7.623s] -- Install configuration: ""
[7.623s] -- Installing: /home/aditiingle/intro_ws/install/intro_cpp_pkg/lib/intro_cpp_pkg/cpp_node
[7.626s] -- Set runtime path of "/home/aditiingle/intro_ws/install/intro_cpp_pkg/lib/intro_cpp_pkg/cpp_node" to ""
[7.626s] -- Up-to-date: /home/aditiingle/intro_ws/install/intro_cpp_pkg/share/ament_index/resource_index/package_run_dependencies/intro_cpp_pkg
[7.626s] -- Up-to-date: /home/aditiingle/intro_ws/install/intro_cpp_pkg/share/ament_index/resource_index/parent_prefix_path/intro_cpp_pkg
[7.626s] -- Up-to-date: /home/aditiingle/intro_ws/install/intro_cpp_pkg/share/intro_cpp_pkg/environment/ament_prefix_path.sh
[7.626s] -- Up-to-date: /home/aditiingle/intro_ws/install/intro_cpp_pkg/share/intro_cpp_pkg/environment/ament_prefix_path.dsv
[7.626s] -- Up-to-date: /home/aditiingle/intro_ws/install/intro_cpp_pkg/share/intro_cpp_pkg/environment/path.sh
[7.626s] -- Up-to-date: /home/aditiingle/intro_ws/install/intro_cpp_pkg/share/intro_cpp_pkg/environment/path.dsv
[7.626s] -- Up-to-date: /home/aditiingle/intro_ws/install/intro_cpp_pkg/share/intro_cpp_pkg/local_setup.bash
[7.626s] -- Up-to-date: /home/aditiingle/intro_ws/install/intro_cpp_pkg/share/intro_cpp_pkg/local_setup.sh
[7.626s] -- Up-to-date: /home/aditiingle/intro_ws/install/intro_cpp_pkg/share/intro_cpp_pkg/local_setup.zsh
[7.626s] -- Up-to-date: /home/aditiingle/intro_ws/install/intro_cpp_pkg/share/intro_cpp_pkg/local_setup.dsv
[7.626s] -- Installing: /home/aditiingle/intro_ws/install/intro_cpp_pkg/share/intro_cpp_pkg/package.dsv
[7.626s] -- Up-to-date: /home/aditiingle/intro_ws/install/intro_cpp_pkg/share/ament_index/resource_index/packages/intro_cpp_pkg
[7.627s] -- Up-to-date: /home/aditiingle/intro_ws/install/intro_cpp_pkg/share/intro_cpp_pkg/cmake/intro_cpp_pkgConfig.cmake
[7.627s] -- Up-to-date: /home/aditiingle/intro_ws/install/intro_cpp_pkg/share/intro_cpp_pkg/cmake/intro_cpp_pkgConfig-version.cmake
[7.627s] -- Up-to-date: /home/aditiingle/intro_ws/install/intro_cpp_pkg/share/intro_cpp_pkg/package.xml
[7.627s] Invoked command in '/home/aditiingle/intro_ws/build/intro_cpp_pkg' returned '0': CMAKE_PREFIX_PATH=${CMAKE_PREFIX_PATH}:/home/aditiingle/intro_ws/install/intro_py_pkg:/home/aditiingle/Desktop/introTask_ws/install/my_robot_controller:/opt/ros/humble /usr/bin/cmake --install /home/aditiingle/intro_ws/build/intro_cpp_pkg
