-- Found ament_cmake: 1.3.8 (/opt/ros/humble/share/ament_cmake/cmake)
-- Found rclcpp: 16.0.8 (/opt/ros/humble/share/rclcpp/cmake)
-- Found rosidl_generator_c: 3.1.5 (/opt/ros/humble/share/rosidl_generator_c/cmake)
-- Found rosidl_adapter: 3.1.5 (/opt/ros/humble/share/rosidl_adapter/cmake)
-- Found rosidl_generator_cpp: 3.1.5 (/opt/ros/humble/share/rosidl_generator_cpp/cmake)
-- Using all available rosidl_typesupport_c: rosidl_typesupport_fastrtps_c;rosidl_typesupport_introspection_c
-- Using all available rosidl_typesupport_cpp: rosidl_typesupport_fastrtps_cpp;rosidl_typesupport_introspection_cpp
-- Found rmw_implementation_cmake: 6.1.1 (/opt/ros/humble/share/rmw_implementation_cmake/cmake)
-- Found rmw_fastrtps_cpp: 6.2.6 (/opt/ros/humble/share/rmw_fastrtps_cpp/cmake)
-- Using RMW implementation 'rmw_fastrtps_cpp' as default
-- Configuring done
-- Generating done
-- Build files have been written to: /home/aditiingle/sc_intro_ws/build/temp_monitor_pkg
[ 50%] [32mBuilding CXX object CMakeFiles/monitor_node.dir/src/monitor_node.cpp.o[0m
[100%] [32m[1mLinking CXX executable monitor_node[0m
[100%] Built target monitor_node
-- Install configuration: ""
-- Installing: /home/aditiingle/sc_intro_ws/install/temp_monitor_pkg/lib/temp_monitor_pkg/monitor_node
-- Set runtime path of "/home/aditiingle/sc_intro_ws/install/temp_monitor_pkg/lib/temp_monitor_pkg/monitor_node" to ""
-- Installing: /home/aditiingle/sc_intro_ws/install/temp_monitor_pkg/share/ament_index/resource_index/package_run_dependencies/temp_monitor_pkg
-- Installing: /home/aditiingle/sc_intro_ws/install/temp_monitor_pkg/share/ament_index/resource_index/parent_prefix_path/temp_monitor_pkg
-- Up-to-date: /home/aditiingle/sc_intro_ws/install/temp_monitor_pkg/share/temp_monitor_pkg/environment/ament_prefix_path.sh
-- Installing: /home/aditiingle/sc_intro_ws/install/temp_monitor_pkg/share/temp_monitor_pkg/environment/ament_prefix_path.dsv
-- Up-to-date: /home/aditiingle/sc_intro_ws/install/temp_monitor_pkg/share/temp_monitor_pkg/environment/path.sh
-- Installing: /home/aditiingle/sc_intro_ws/install/temp_monitor_pkg/share/temp_monitor_pkg/environment/path.dsv
-- Up-to-date: /home/aditiingle/sc_intro_ws/install/temp_monitor_pkg/share/temp_monitor_pkg/local_setup.bash
-- Up-to-date: /home/aditiingle/sc_intro_ws/install/temp_monitor_pkg/share/temp_monitor_pkg/local_setup.sh
-- Up-to-date: /home/aditiingle/sc_intro_ws/install/temp_monitor_pkg/share/temp_monitor_pkg/local_setup.zsh
-- Installing: /home/aditiingle/sc_intro_ws/install/temp_monitor_pkg/share/temp_monitor_pkg/local_setup.dsv
-- Installing: /home/aditiingle/sc_intro_ws/install/temp_monitor_pkg/share/temp_monitor_pkg/package.dsv
-- Up-to-date: /home/aditiingle/sc_intro_ws/install/temp_monitor_pkg/share/ament_index/resource_index/packages/temp_monitor_pkg
-- Up-to-date: /home/aditiingle/sc_intro_ws/install/temp_monitor_pkg/share/temp_monitor_pkg/cmake/temp_monitor_pkgConfig.cmake
-- Up-to-date: /home/aditiingle/sc_intro_ws/install/temp_monitor_pkg/share/temp_monitor_pkg/cmake/temp_monitor_pkgConfig-version.cmake
-- Installing: /home/aditiingle/sc_intro_ws/install/temp_monitor_pkg/share/temp_monitor_pkg/package.xml
