[0.009s] Invoking command in '/home/aditiingle/sc_intro_ws/build/temp_monitor_pkg': CMAKE_PREFIX_PATH=${CMAKE_PREFIX_PATH}:/home/aditiingle/sc_intro_ws/install/temp_reader_pkg:/home/aditiingle/SC-Robotics-Intro-Task/intro_ws/install/intro_py_pkg:/home/aditiingle/Desktop/introTask_ws/install/my_robot_controller:/opt/ros/humble /usr/bin/cmake --build /home/aditiingle/sc_intro_ws/build/temp_monitor_pkg -- -j8 -l8
[0.027s] -- Found ament_cmake: 1.3.8 (/opt/ros/humble/share/ament_cmake/cmake)
[0.136s] -- Found rclcpp: 16.0.8 (/opt/ros/humble/share/rclcpp/cmake)
[0.159s] -- Found rosidl_generator_c: 3.1.5 (/opt/ros/humble/share/rosidl_generator_c/cmake)
[0.161s] -- Found rosidl_adapter: 3.1.5 (/opt/ros/humble/share/rosidl_adapter/cmake)
[0.166s] -- Found rosidl_generator_cpp: 3.1.5 (/opt/ros/humble/share/rosidl_generator_cpp/cmake)
[0.175s] -- Using all available rosidl_typesupport_c: rosidl_typesupport_fastrtps_c;rosidl_typesupport_introspection_c
[0.189s] -- Using all available rosidl_typesupport_cpp: rosidl_typesupport_fastrtps_cpp;rosidl_typesupport_introspection_cpp
[0.239s] -- Found rmw_implementation_cmake: 6.1.1 (/opt/ros/humble/share/rmw_implementation_cmake/cmake)
[0.240s] -- Found rmw_fastrtps_cpp: 6.2.6 (/opt/ros/humble/share/rmw_fastrtps_cpp/cmake)
[0.328s] -- Using RMW implementation 'rmw_fastrtps_cpp' as default
[0.520s] -- Configuring done
[0.526s] -- Generating done
[0.527s] -- Build files have been written to: /home/aditiingle/sc_intro_ws/build/temp_monitor_pkg
[0.556s] [ 50%] [32mBuilding CXX object CMakeFiles/monitor_node.dir/src/monitor_node.cpp.o[0m
[7.686s] [100%] [32m[1mLinking CXX executable monitor_node[0m
[8.012s] [100%] Built target monitor_node
[8.023s] Invoked command in '/home/aditiingle/sc_intro_ws/build/temp_monitor_pkg' returned '0': CMAKE_PREFIX_PATH=${CMAKE_PREFIX_PATH}:/home/aditiingle/sc_intro_ws/install/temp_reader_pkg:/home/aditiingle/SC-Robotics-Intro-Task/intro_ws/install/intro_py_pkg:/home/aditiingle/Desktop/introTask_ws/install/my_robot_controller:/opt/ros/humble /usr/bin/cmake --build /home/aditiingle/sc_intro_ws/build/temp_monitor_pkg -- -j8 -l8
[8.048s] Invoking command in '/home/aditiingle/sc_intro_ws/build/temp_monitor_pkg': CMAKE_PREFIX_PATH=${CMAKE_PREFIX_PATH}:/home/aditiingle/sc_intro_ws/install/temp_reader_pkg:/home/aditiingle/SC-Robotics-Intro-Task/intro_ws/install/intro_py_pkg:/home/aditiingle/Desktop/introTask_ws/install/my_robot_controller:/opt/ros/humble /usr/bin/cmake --install /home/aditiingle/sc_intro_ws/build/temp_monitor_pkg
[8.054s] -- Install configuration: ""
[8.054s] -- Installing: /home/aditiingle/sc_intro_ws/install/temp_monitor_pkg/lib/temp_monitor_pkg/monitor_node
[8.056s] -- Set runtime path of "/home/aditiingle/sc_intro_ws/install/temp_monitor_pkg/lib/temp_monitor_pkg/monitor_node" to ""
[8.056s] -- Installing: /home/aditiingle/sc_intro_ws/install/temp_monitor_pkg/share/ament_index/resource_index/package_run_dependencies/temp_monitor_pkg
[8.056s] -- Installing: /home/aditiingle/sc_intro_ws/install/temp_monitor_pkg/share/ament_index/resource_index/parent_prefix_path/temp_monitor_pkg
[8.056s] -- Up-to-date: /home/aditiingle/sc_intro_ws/install/temp_monitor_pkg/share/temp_monitor_pkg/environment/ament_prefix_path.sh
[8.056s] -- Installing: /home/aditiingle/sc_intro_ws/install/temp_monitor_pkg/share/temp_monitor_pkg/environment/ament_prefix_path.dsv
[8.056s] -- Up-to-date: /home/aditiingle/sc_intro_ws/install/temp_monitor_pkg/share/temp_monitor_pkg/environment/path.sh
[8.056s] -- Installing: /home/aditiingle/sc_intro_ws/install/temp_monitor_pkg/share/temp_monitor_pkg/environment/path.dsv
[8.057s] -- Up-to-date: /home/aditiingle/sc_intro_ws/install/temp_monitor_pkg/share/temp_monitor_pkg/local_setup.bash
[8.057s] -- Up-to-date: /home/aditiingle/sc_intro_ws/install/temp_monitor_pkg/share/temp_monitor_pkg/local_setup.sh
[8.057s] -- Up-to-date: /home/aditiingle/sc_intro_ws/install/temp_monitor_pkg/share/temp_monitor_pkg/local_setup.zsh
[8.057s] -- Installing: /home/aditiingle/sc_intro_ws/install/temp_monitor_pkg/share/temp_monitor_pkg/local_setup.dsv
[8.057s] -- Installing: /home/aditiingle/sc_intro_ws/install/temp_monitor_pkg/share/temp_monitor_pkg/package.dsv
[8.057s] -- Up-to-date: /home/aditiingle/sc_intro_ws/install/temp_monitor_pkg/share/ament_index/resource_index/packages/temp_monitor_pkg
[8.057s] -- Up-to-date: /home/aditiingle/sc_intro_ws/install/temp_monitor_pkg/share/temp_monitor_pkg/cmake/temp_monitor_pkgConfig.cmake
[8.057s] -- Up-to-date: /home/aditiingle/sc_intro_ws/install/temp_monitor_pkg/share/temp_monitor_pkg/cmake/temp_monitor_pkgConfig-version.cmake
[8.057s] -- Installing: /home/aditiingle/sc_intro_ws/install/temp_monitor_pkg/share/temp_monitor_pkg/package.xml
[8.060s] Invoked command in '/home/aditiingle/sc_intro_ws/build/temp_monitor_pkg' returned '0': CMAKE_PREFIX_PATH=${CMAKE_PREFIX_PATH}:/home/aditiingle/sc_intro_ws/install/temp_reader_pkg:/home/aditiingle/SC-Robotics-Intro-Task/intro_ws/install/intro_py_pkg:/home/aditiingle/Desktop/introTask_ws/install/my_robot_controller:/opt/ros/humble /usr/bin/cmake --install /home/aditiingle/sc_intro_ws/build/temp_monitor_pkg
