[0.899s] Invoking command in '/home/aditiingle/intro_ws/src/intro_py_pkg': PYTHONPATH=/home/aditiingle/intro_ws/build/intro_py_pkg/prefix_override:/home/aditiingle/intro_ws/install/intro_py_pkg/lib/python3.10/site-packages:${PYTHONPATH} /usr/bin/python3 setup.py egg_info --egg-base ../../build/intro_py_pkg build --build-base /home/aditiingle/intro_ws/build/intro_py_pkg/build install --record /home/aditiingle/intro_ws/build/intro_py_pkg/install.log --single-version-externally-managed
[1.181s] running egg_info
[1.181s] creating ../../build/intro_py_pkg/intro_py_pkg.egg-info
[1.182s] writing ../../build/intro_py_pkg/intro_py_pkg.egg-info/PKG-INFO
[1.182s] writing dependency_links to ../../build/intro_py_pkg/intro_py_pkg.egg-info/dependency_links.txt
[1.182s] writing entry points to ../../build/intro_py_pkg/intro_py_pkg.egg-info/entry_points.txt
[1.182s] writing requirements to ../../build/intro_py_pkg/intro_py_pkg.egg-info/requires.txt
[1.182s] writing top-level names to ../../build/intro_py_pkg/intro_py_pkg.egg-info/top_level.txt
[1.182s] writing manifest file '../../build/intro_py_pkg/intro_py_pkg.egg-info/SOURCES.txt'
[1.184s] reading manifest file '../../build/intro_py_pkg/intro_py_pkg.egg-info/SOURCES.txt'
[1.185s] writing manifest file '../../build/intro_py_pkg/intro_py_pkg.egg-info/SOURCES.txt'
[1.185s] running build
[1.185s] running build_py
[1.185s] creating /home/aditiingle/intro_ws/build/intro_py_pkg/build
[1.185s] creating /home/aditiingle/intro_ws/build/intro_py_pkg/build/lib
[1.185s] creating /home/aditiingle/intro_ws/build/intro_py_pkg/build/lib/intro_py_pkg
[1.185s] copying intro_py_pkg/__init__.py -> /home/aditiingle/intro_ws/build/intro_py_pkg/build/lib/intro_py_pkg
[1.185s] running install
[1.185s] running install_lib
[1.186s] creating /home/aditiingle/intro_ws/install/intro_py_pkg/lib/python3.10/site-packages/intro_py_pkg
[1.186s] copying /home/aditiingle/intro_ws/build/intro_py_pkg/build/lib/intro_py_pkg/__init__.py -> /home/aditiingle/intro_ws/install/intro_py_pkg/lib/python3.10/site-packages/intro_py_pkg
[1.186s] byte-compiling /home/aditiingle/intro_ws/install/intro_py_pkg/lib/python3.10/site-packages/intro_py_pkg/__init__.py to __init__.cpython-310.pyc
[1.187s] running install_data
[1.187s] creating /home/aditiingle/intro_ws/install/intro_py_pkg/share/ament_index
[1.187s] creating /home/aditiingle/intro_ws/install/intro_py_pkg/share/ament_index/resource_index
[1.187s] creating /home/aditiingle/intro_ws/install/intro_py_pkg/share/ament_index/resource_index/packages
[1.187s] copying resource/intro_py_pkg -> /home/aditiingle/intro_ws/install/intro_py_pkg/share/ament_index/resource_index/packages
[1.188s] copying package.xml -> /home/aditiingle/intro_ws/install/intro_py_pkg/share/intro_py_pkg
[1.188s] running install_egg_info
[1.189s] Copying ../../build/intro_py_pkg/intro_py_pkg.egg-info to /home/aditiingle/intro_ws/install/intro_py_pkg/lib/python3.10/site-packages/intro_py_pkg-0.0.0-py3.10.egg-info
[1.190s] running install_scripts
[1.211s] writing list of installed files to '/home/aditiingle/intro_ws/build/intro_py_pkg/install.log'
[1.234s] Invoked command in '/home/aditiingle/intro_ws/src/intro_py_pkg' returned '0': PYTHONPATH=/home/aditiingle/intro_ws/build/intro_py_pkg/prefix_override:/home/aditiingle/intro_ws/install/intro_py_pkg/lib/python3.10/site-packages:${PYTHONPATH} /usr/bin/python3 setup.py egg_info --egg-base ../../build/intro_py_pkg build --build-base /home/aditiingle/intro_ws/build/intro_py_pkg/build install --record /home/aditiingle/intro_ws/build/intro_py_pkg/install.log --single-version-externally-managed
